<?xml version="1.0" encoding="UTF-8"?>
<!-- Generated by org.testng.reporters.JUnitReportReporter -->
<testsuite hostname="Gaurav-PC" name="com.datadriven.test.Testng_datadrivenTestScript" tests="2" failures="0" timestamp="5 Oct 2018 09:43:27 GMT" time="83.587" errors="0">
  <testcase name="EmployeeFeedbackSignup_Test" time="40.926" classname="com.datadriven.test.Testng_datadrivenTestScript"/>
  <testcase name="EmployeeFeedbackSignup_Test" time="42.661" classname="com.datadriven.test.Testng_datadrivenTestScript"/>
</testsuite> <!-- com.datadriven.test.Testng_datadrivenTestScript -->
