<?xml version="1.0" encoding="UTF-8"?>
<!-- Generated by org.testng.reporters.JUnitReportReporter -->
<testsuite hostname="Gaurav-PC" name="pom.emp.frame.automationtest" tests="3" failures="0" timestamp="26 Sep 2018 10:08:45 GMT" time="28.137" errors="0">
  <testcase name="ThirdAutomationTest" time="9.494" classname="pom.emp.frame.automationtest"/>
  <testcase name="FirstAutomationTest" time="9.900" classname="pom.emp.frame.automationtest"/>
  <testcase name="SecondAutomationTest" time="8.743" classname="pom.emp.frame.automationtest"/>
</testsuite> <!-- pom.emp.frame.automationtest -->
