<?xml version="1.0" encoding="UTF-8"?>
<!-- Generated by org.testng.reporters.JUnitReportReporter -->
<testsuite hostname="Gaurav-PC" name="com.datadriven.test.Testng_datadrivenSignupTestScript" tests="2" failures="0" timestamp="4 Oct 2018 09:14:49 GMT" time="84.500" errors="0">
  <testcase name="EmployeeFeedback_Test" time="43.260" classname="com.datadriven.test.Testng_datadrivenSignupTestScript"/>
  <testcase name="EmployeeFeedback_Test" time="41.240" classname="com.datadriven.test.Testng_datadrivenSignupTestScript"/>
</testsuite> <!-- com.datadriven.test.Testng_datadrivenSignupTestScript -->
