<?xml version="1.0" encoding="UTF-8"?>
<!-- Generated by org.testng.reporters.JUnitReportReporter -->
<testsuite hostname="Gaurav-PC" name="pom.emp.frame.FillthebriefdetailsaboutCompany" tests="1" failures="0" timestamp="5 Oct 2018 07:36:36 GMT" time="6.400" errors="0">
  <testcase name="validinputTest" time="6.400" classname="pom.emp.frame.FillthebriefdetailsaboutCompany"/>
</testsuite> <!-- pom.emp.frame.FillthebriefdetailsaboutCompany -->
