<?xml version="1.0" encoding="UTF-8"?>
<!-- Generated by org.testng.reporters.JUnitReportReporter -->
<testsuite hostname="Gaurav-PC" name="pom.emp.frame.Signup" tests="1" failures="0" timestamp="3 Oct 2018 07:49:45 GMT" time="34.280" errors="0">
  <testcase name="ValidinputTest" time="34.280" classname="pom.emp.frame.Signup"/>
</testsuite> <!-- pom.emp.frame.Signup -->
