<?xml version="1.0" encoding="UTF-8"?>
<!-- Generated by org.testng.reporters.JUnitReportReporter -->
<testsuite hostname="Gaurav-PC" name="com.datadriven.test.Testng_datadrivenTestScriptEmployeedetails" tests="2" failures="0" timestamp="15 Oct 2018 07:35:51 GMT" time="49.774" errors="0">
  <testcase name="EmployeeFeedbackFillthebriefdetailsaboutEmployee_Test" time="23.305" classname="com.datadriven.test.Testng_datadrivenTestScriptEmployeedetails"/>
  <testcase name="EmployeeFeedbackFillthebriefdetailsaboutEmployee_Test" time="26.469" classname="com.datadriven.test.Testng_datadrivenTestScriptEmployeedetails"/>
</testsuite> <!-- com.datadriven.test.Testng_datadrivenTestScriptEmployeedetails -->
