<?xml version="1.0" encoding="UTF-8"?>
<!-- Generated by org.testng.reporters.JUnitReportReporter -->
<testsuite hostname="Gaurav-PC" name="com.datadriven.test.Testng_datadrivenTestScriptCompanydetails" tests="3" failures="0" timestamp="5 Oct 2018 09:38:46 GMT" time="43.396" errors="0">
  <testcase name="EmployeeFeedbackFillthebriefdetailsaboutCompany_Test" time="15.370" classname="com.datadriven.test.Testng_datadrivenTestScriptCompanydetails"/>
  <testcase name="EmployeeFeedbackFillthebriefdetailsaboutCompany_Test" time="13.852" classname="com.datadriven.test.Testng_datadrivenTestScriptCompanydetails"/>
  <testcase name="EmployeeFeedbackFillthebriefdetailsaboutCompany_Test" time="14.174" classname="com.datadriven.test.Testng_datadrivenTestScriptCompanydetails"/>
</testsuite> <!-- com.datadriven.test.Testng_datadrivenTestScriptCompanydetails -->
